  client.c
C:\Users\marco\Desktop\c\lab09\exercise02\impl2\client.c(21,5): error C4996: 'scanf': This function or variable may be unsafe. Consider using scanf_s instead. To disable deprecation, use _CRT_SECURE_NO_WARNINGS. See online help for details.
  item-int.c
C:\Users\marco\Desktop\c\lab09\exercise02\impl2\item-int.c(12,7): error C4996: 'fscanf': This function or variable may be unsafe. Consider using fscanf_s instead. To disable deprecation, use _CRT_SECURE_NO_WARNINGS. See online help for details.
  item-struct.c
C:\Users\marco\Desktop\c\lab09\exercise02\impl2\item-struct.c(24,59): warning C4133: '=': incompatible types - from 'item *' to 'item_t'
C:\Users\marco\Desktop\c\lab09\exercise02\impl2\item-struct.c(25,11): error C2223: left of '->id' must point to struct/union
C:\Users\marco\Desktop\c\lab09\exercise02\impl2\item-struct.c(26,11): error C2223: left of '->name' must point to struct/union
C:\Users\marco\Desktop\c\lab09\exercise02\impl2\item-struct.c(27,11): error C2223: left of '->exams' must point to struct/union
C:\Users\marco\Desktop\c\lab09\exercise02\impl2\item-struct.c(28,11): error C2223: left of '->avg' must point to struct/union
C:\Users\marco\Desktop\c\lab09\exercise02\impl2\item-struct.c(22,12): error C4996: 'fscanf': This function or variable may be unsafe. Consider using fscanf_s instead. To disable deprecation, use _CRT_SECURE_NO_WARNINGS. See online help for details.
C:\Users\marco\Desktop\c\lab09\exercise02\impl2\item-struct.c(40,43): error C2223: left of '->id' must point to struct/union
C:\Users\marco\Desktop\c\lab09\exercise02\impl2\item-struct.c(40,53): error C2223: left of '->name' must point to struct/union
C:\Users\marco\Desktop\c\lab09\exercise02\impl2\item-struct.c(40,65): error C2223: left of '->exams' must point to struct/union
C:\Users\marco\Desktop\c\lab09\exercise02\impl2\item-struct.c(40,78): error C2223: left of '->avg' must point to struct/union
C:\Users\marco\Desktop\c\lab09\exercise02\impl2\item-struct.c(40,15): warning C4473: 'fprintf' : not enough arguments passed for format string
C:\Users\marco\Desktop\c\lab09\exercise02\impl2\item-struct.c(40,15): message : placeholders and their parameters expect 4 variadic arguments, but 0 were provided
C:\Users\marco\Desktop\c\lab09\exercise02\impl2\item-struct.c(40,15): message : the missing variadic argument 1 is required by format string '%7d'
C:\Users\marco\Desktop\c\lab09\exercise02\impl2\item-struct.c(50,17): error C2223: left of '->id' must point to struct/union
C:\Users\marco\Desktop\c\lab09\exercise02\impl2\item-struct.c(50,29): error C2223: left of '->id' must point to struct/union
C:\Users\marco\Desktop\c\lab09\exercise02\impl2\item-struct.c(50,3): warning C4033: 'item_compare' must return a value
C:\Users\marco\Desktop\c\lab09\exercise02\impl2\item-struct.c(58,14): error C2223: left of '->name' must point to struct/union
C:\Users\marco\Desktop\c\lab09\exercise02\impl2\item-struct.c(58,7): error C2198: 'free': too few arguments for call
  util.c
C:\Users\marco\Desktop\c\lab09\exercise02\impl2\util.c(8,12): error C4996: 'fopen': This function or variable may be unsafe. Consider using fopen_s instead. To disable deprecation, use _CRT_SECURE_NO_WARNINGS. See online help for details.
C:\Users\marco\Desktop\c\lab09\exercise02\impl2\util.c(38,13): error C4996: 'strdup': The POSIX name for this item is deprecated. Instead, use the ISO C and C++ conformant name: _strdup. See online help for details.
C:\Users\marco\Desktop\c\lab09\exercise02\impl2\util.c(51,16): warning C4018: '<': signed/unsigned mismatch
C:\Users\marco\Desktop\c\lab09\exercise02\impl2\util.c(67,14): warning C4018: '<': signed/unsigned mismatch
C:\Users\marco\Desktop\c\lab09\exercise02\impl2\util.c(81,14): warning C4018: '<': signed/unsigned mismatch
C:\Users\marco\Desktop\c\lab09\exercise02\impl2\util.c(83,18): warning C4018: '<': signed/unsigned mismatch
  Generating Code...
