  client.c
C:\Users\marco\Desktop\c\lab10\exercise01\lab10_BSTLibrary\client.c(41,19): error C2065: 'fpout': undeclared identifier
C:\Users\marco\Desktop\c\lab10\exercise01\lab10_BSTLibrary\client.c(41,19): warning C4047: 'function': 'FILE *' differs in levels of indirection from 'int'
C:\Users\marco\Desktop\c\lab10\exercise01\lab10_BSTLibrary\client.c(41,14): warning C4024: 'writeTree': different types for formal and actual parameter 1
  data.c
  tree.c
C:\Users\marco\Desktop\c\lab10\exercise01\lab10_BSTLibrary\tree.c(17,16): error C2037: left of 'val' specifies undefined struct/union 'node'
C:\Users\marco\Desktop\c\lab10\exercise01\lab10_BSTLibrary\tree.c(17,2): warning C4033: 'getData' must return a value
C:\Users\marco\Desktop\c\lab10\exercise01\lab10_BSTLibrary\tree.c(34,13): error C2037: left of 'left' specifies undefined struct/union 'node'
C:\Users\marco\Desktop\c\lab10\exercise01\lab10_BSTLibrary\tree.c(35,12): error C2037: left of 'left' specifies undefined struct/union 'node'
C:\Users\marco\Desktop\c\lab10\exercise01\lab10_BSTLibrary\tree.c(45,24): error C2037: left of 'left' specifies undefined struct/union 'node'
C:\Users\marco\Desktop\c\lab10\exercise01\lab10_BSTLibrary\tree.c(48,23): error C2037: left of 'left' specifies undefined struct/union 'node'
C:\Users\marco\Desktop\c\lab10\exercise01\lab10_BSTLibrary\tree.c(48,18): error C2198: 'treeMinR': too few arguments for call
C:\Users\marco\Desktop\c\lab10\exercise01\lab10_BSTLibrary\tree.c(58,13): error C2037: left of 'right' specifies undefined struct/union 'node'
C:\Users\marco\Desktop\c\lab10\exercise01\lab10_BSTLibrary\tree.c(59,12): error C2037: left of 'right' specifies undefined struct/union 'node'
C:\Users\marco\Desktop\c\lab10\exercise01\lab10_BSTLibrary\tree.c(69,24): error C2037: left of 'right' specifies undefined struct/union 'node'
C:\Users\marco\Desktop\c\lab10\exercise01\lab10_BSTLibrary\tree.c(72,23): error C2037: left of 'right' specifies undefined struct/union 'node'
C:\Users\marco\Desktop\c\lab10\exercise01\lab10_BSTLibrary\tree.c(72,18): error C2198: 'treeMaxR': too few arguments for call
C:\Users\marco\Desktop\c\lab10\exercise01\lab10_BSTLibrary\tree.c(81,19): error C2037: left of 'val' specifies undefined struct/union 'node'
C:\Users\marco\Desktop\c\lab10\exercise01\lab10_BSTLibrary\tree.c(81,14): error C2198: 'compare': too few arguments for call
C:\Users\marco\Desktop\c\lab10\exercise01\lab10_BSTLibrary\tree.c(84,25): error C2037: left of 'val' specifies undefined struct/union 'node'
C:\Users\marco\Desktop\c\lab10\exercise01\lab10_BSTLibrary\tree.c(84,14): error C2198: 'compare': too few arguments for call
C:\Users\marco\Desktop\c\lab10\exercise01\lab10_BSTLibrary\tree.c(85,13): error C2037: left of 'left' specifies undefined struct/union 'node'
C:\Users\marco\Desktop\c\lab10\exercise01\lab10_BSTLibrary\tree.c(87,13): error C2037: left of 'right' specifies undefined struct/union 'node'
C:\Users\marco\Desktop\c\lab10\exercise01\lab10_BSTLibrary\tree.c(98,32): error C2037: left of 'val' specifies undefined struct/union 'node'
C:\Users\marco\Desktop\c\lab10\exercise01\lab10_BSTLibrary\tree.c(98,27): error C2198: 'compare': too few arguments for call
C:\Users\marco\Desktop\c\lab10\exercise01\lab10_BSTLibrary\tree.c(101,24): error C2037: left of 'val' specifies undefined struct/union 'node'
C:\Users\marco\Desktop\c\lab10\exercise01\lab10_BSTLibrary\tree.c(101,13): error C2198: 'compare': too few arguments for call
C:\Users\marco\Desktop\c\lab10\exercise01\lab10_BSTLibrary\tree.c(102,23): error C2037: left of 'left' specifies undefined struct/union 'node'
C:\Users\marco\Desktop\c\lab10\exercise01\lab10_BSTLibrary\tree.c(102,33): warning C4047: 'function': 'node_t *' differs in levels of indirection from 'data_t'
C:\Users\marco\Desktop\c\lab10\exercise01\lab10_BSTLibrary\tree.c(102,29): warning C4024: 'searchR': different types for formal and actual parameter 1
C:\Users\marco\Desktop\c\lab10\exercise01\lab10_BSTLibrary\tree.c(102,18): error C2198: 'searchR': too few arguments for call
C:\Users\marco\Desktop\c\lab10\exercise01\lab10_BSTLibrary\tree.c(104,23): error C2037: left of 'right' specifies undefined struct/union 'node'
C:\Users\marco\Desktop\c\lab10\exercise01\lab10_BSTLibrary\tree.c(104,34): warning C4047: 'function': 'node_t *' differs in levels of indirection from 'data_t'
C:\Users\marco\Desktop\c\lab10\exercise01\lab10_BSTLibrary\tree.c(104,30): warning C4024: 'searchR': different types for formal and actual parameter 1
C:\Users\marco\Desktop\c\lab10\exercise01\lab10_BSTLibrary\tree.c(104,18): error C2198: 'searchR': too few arguments for call
C:\Users\marco\Desktop\c\lab10\exercise01\lab10_BSTLibrary\tree.c(117,6): error C2037: left of 'val' specifies undefined struct/union 'node'
C:\Users\marco\Desktop\c\lab10\exercise01\lab10_BSTLibrary\tree.c(118,6): error C2037: left of 'left' specifies undefined struct/union 'node'
C:\Users\marco\Desktop\c\lab10\exercise01\lab10_BSTLibrary\tree.c(118,16): error C2037: left of 'right' specifies undefined struct/union 'node'
C:\Users\marco\Desktop\c\lab10\exercise01\lab10_BSTLibrary\tree.c(123,24): error C2037: left of 'val' specifies undefined struct/union 'node'
C:\Users\marco\Desktop\c\lab10\exercise01\lab10_BSTLibrary\tree.c(123,13): error C2198: 'compare': too few arguments for call
C:\Users\marco\Desktop\c\lab10\exercise01\lab10_BSTLibrary\tree.c(127,24): error C2037: left of 'val' specifies undefined struct/union 'node'
C:\Users\marco\Desktop\c\lab10\exercise01\lab10_BSTLibrary\tree.c(127,13): error C2198: 'compare': too few arguments for call
C:\Users\marco\Desktop\c\lab10\exercise01\lab10_BSTLibrary\tree.c(129,7): error C2037: left of 'left' specifies undefined struct/union 'node'
C:\Users\marco\Desktop\c\lab10\exercise01\lab10_BSTLibrary\tree.c(129,25): error C2037: left of 'left' specifies undefined struct/union 'node'
C:\Users\marco\Desktop\c\lab10\exercise01\lab10_BSTLibrary\tree.c(129,35): warning C4047: 'function': 'node_t *' differs in levels of indirection from 'data_t'
C:\Users\marco\Desktop\c\lab10\exercise01\lab10_BSTLibrary\tree.c(129,31): warning C4024: 'insert': different types for formal and actual parameter 1
C:\Users\marco\Desktop\c\lab10\exercise01\lab10_BSTLibrary\tree.c(129,20): error C2198: 'insert': too few arguments for call
C:\Users\marco\Desktop\c\lab10\exercise01\lab10_BSTLibrary\tree.c(133,7): error C2037: left of 'right' specifies undefined struct/union 'node'
C:\Users\marco\Desktop\c\lab10\exercise01\lab10_BSTLibrary\tree.c(133,26): error C2037: left of 'right' specifies undefined struct/union 'node'
C:\Users\marco\Desktop\c\lab10\exercise01\lab10_BSTLibrary\tree.c(133,37): warning C4047: 'function': 'node_t *' differs in levels of indirection from 'data_t'
C:\Users\marco\Desktop\c\lab10\exercise01\lab10_BSTLibrary\tree.c(133,33): warning C4024: 'insert': different types for formal and actual parameter 1
C:\Users\marco\Desktop\c\lab10\exercise01\lab10_BSTLibrary\tree.c(133,21): error C2198: 'insert': too few arguments for call
C:\Users\marco\Desktop\c\lab10\exercise01\lab10_BSTLibrary\tree.c(164,15): error C2037: left of 'left' specifies undefined struct/union 'node'
C:\Users\marco\Desktop\c\lab10\exercise01\lab10_BSTLibrary\tree.c(164,10): error C2198: 'freeTree': too few arguments for call
C:\Users\marco\Desktop\c\lab10\exercise01\lab10_BSTLibrary\tree.c(165,15): error C2037: left of 'right' specifies undefined struct/union 'node'
C:\Users\marco\Desktop\c\lab10\exercise01\lab10_BSTLibrary\tree.c(165,10): error C2198: 'freeTree': too few arguments for call
C:\Users\marco\Desktop\c\lab10\exercise01\lab10_BSTLibrary\tree.c(182,21): error C2037: left of 'val' specifies undefined struct/union 'node'
C:\Users\marco\Desktop\c\lab10\exercise01\lab10_BSTLibrary\tree.c(182,12): error C2198: 'writeData': too few arguments for call
C:\Users\marco\Desktop\c\lab10\exercise01\lab10_BSTLibrary\tree.c(185,20): error C2037: left of 'left' specifies undefined struct/union 'node'
C:\Users\marco\Desktop\c\lab10\exercise01\lab10_BSTLibrary\tree.c(185,30): warning C4047: 'function': 'node_t *' differs in levels of indirection from 'int'
C:\Users\marco\Desktop\c\lab10\exercise01\lab10_BSTLibrary\tree.c(185,26): warning C4024: 'writeTree': different types for formal and actual parameter 2
C:\Users\marco\Desktop\c\lab10\exercise01\lab10_BSTLibrary\tree.c(185,11): error C2198: 'writeTree': too few arguments for call
C:\Users\marco\Desktop\c\lab10\exercise01\lab10_BSTLibrary\tree.c(188,21): error C2037: left of 'val' specifies undefined struct/union 'node'
C:\Users\marco\Desktop\c\lab10\exercise01\lab10_BSTLibrary\tree.c(188,12): error C2198: 'writeData': too few arguments for call
C:\Users\marco\Desktop\c\lab10\exercise01\lab10_BSTLibrary\tree.c(191,20): error C2037: left of 'right' specifies undefined struct/union 'node'
C:\Users\marco\Desktop\c\lab10\exercise01\lab10_BSTLibrary\tree.c(191,31): warning C4047: 'function': 'node_t *' differs in levels of indirection from 'int'
C:\Users\marco\Desktop\c\lab10\exercise01\lab10_BSTLibrary\tree.c(191,27): warning C4024: 'writeTree': different types for formal and actual parameter 2
C:\Users\marco\Desktop\c\lab10\exercise01\lab10_BSTLibrary\tree.c(191,11): error C2198: 'writeTree': too few arguments for call
C:\Users\marco\Desktop\c\lab10\exercise01\lab10_BSTLibrary\tree.c(194,21): error C2037: left of 'val' specifies undefined struct/union 'node'
C:\Users\marco\Desktop\c\lab10\exercise01\lab10_BSTLibrary\tree.c(194,12): error C2198: 'writeData': too few arguments for call
C:\Users\marco\Desktop\c\lab10\exercise01\lab10_BSTLibrary\tree.c(214,24): error C2037: left of 'val' specifies undefined struct/union 'node'
C:\Users\marco\Desktop\c\lab10\exercise01\lab10_BSTLibrary\tree.c(214,13): error C2198: 'compare': too few arguments for call
C:\Users\marco\Desktop\c\lab10\exercise01\lab10_BSTLibrary\tree.c(216,7): error C2037: left of 'left' specifies undefined struct/union 'node'
C:\Users\marco\Desktop\c\lab10\exercise01\lab10_BSTLibrary\tree.c(216,26): error C2037: left of 'left' specifies undefined struct/union 'node'
C:\Users\marco\Desktop\c\lab10\exercise01\lab10_BSTLibrary\tree.c(216,36): warning C4047: 'function': 'node_t *' differs in levels of indirection from 'data_t'
C:\Users\marco\Desktop\c\lab10\exercise01\lab10_BSTLibrary\tree.c(216,32): warning C4024: 'delete': different types for formal and actual parameter 1
C:\Users\marco\Desktop\c\lab10\exercise01\lab10_BSTLibrary\tree.c(216,21): error C2198: 'delete': too few arguments for call
C:\Users\marco\Desktop\c\lab10\exercise01\lab10_BSTLibrary\tree.c(220,24): error C2037: left of 'val' specifies undefined struct/union 'node'
C:\Users\marco\Desktop\c\lab10\exercise01\lab10_BSTLibrary\tree.c(220,13): error C2198: 'compare': too few arguments for call
C:\Users\marco\Desktop\c\lab10\exercise01\lab10_BSTLibrary\tree.c(222,7): error C2037: left of 'right' specifies undefined struct/union 'node'
C:\Users\marco\Desktop\c\lab10\exercise01\lab10_BSTLibrary\tree.c(222,27): error C2037: left of 'right' specifies undefined struct/union 'node'
C:\Users\marco\Desktop\c\lab10\exercise01\lab10_BSTLibrary\tree.c(222,38): warning C4047: 'function': 'node_t *' differs in levels of indirection from 'data_t'
C:\Users\marco\Desktop\c\lab10\exercise01\lab10_BSTLibrary\tree.c(222,34): warning C4024: 'delete': different types for formal and actual parameter 1
C:\Users\marco\Desktop\c\lab10\exercise01\lab10_BSTLibrary\tree.c(222,22): error C2198: 'delete': too few arguments for call
C:\Users\marco\Desktop\c\lab10\exercise01\lab10_BSTLibrary\tree.c(228,10): error C2037: left of 'right' specifies undefined struct/union 'node'
C:\Users\marco\Desktop\c\lab10\exercise01\lab10_BSTLibrary\tree.c(230,12): error C2037: left of 'left' specifies undefined struct/union 'node'
C:\Users\marco\Desktop\c\lab10\exercise01\lab10_BSTLibrary\tree.c(235,10): error C2037: left of 'left' specifies undefined struct/union 'node'
C:\Users\marco\Desktop\c\lab10\exercise01\lab10_BSTLibrary\tree.c(237,12): error C2037: left of 'right' specifies undefined struct/union 'node'
C:\Users\marco\Desktop\c\lab10\exercise01\lab10_BSTLibrary\tree.c(250,7): error C2037: left of 'left' specifies undefined struct/union 'node'
C:\Users\marco\Desktop\c\lab10\exercise01\lab10_BSTLibrary\tree.c(250,39): error C2037: left of 'left' specifies undefined struct/union 'node'
C:\Users\marco\Desktop\c\lab10\exercise01\lab10_BSTLibrary\tree.c(250,28): error C2198: 'findDeleteMax2': too few arguments for call
C:\Users\marco\Desktop\c\lab10\exercise01\lab10_BSTLibrary\tree.c(251,7): error C2037: left of 'val' specifies undefined struct/union 'node'
C:\Users\marco\Desktop\c\lab10\exercise01\lab10_BSTLibrary\tree.c(264,36): error C2027: use of undefined type 'node'
C:\Users\marco\Desktop\c\lab10\exercise01\lab10_BSTLibrary\treePublic.h(10): message : see declaration of 'node'
C:\Users\marco\Desktop\c\lab10\exercise01\lab10_BSTLibrary\tree.c(304,10): error C2037: left of 'right' specifies undefined struct/union 'node'
C:\Users\marco\Desktop\c\lab10\exercise01\lab10_BSTLibrary\tree.c(305,12): error C2037: left of 'val' specifies undefined struct/union 'node'
C:\Users\marco\Desktop\c\lab10\exercise01\lab10_BSTLibrary\tree.c(306,13): error C2037: left of 'left' specifies undefined struct/union 'node'
C:\Users\marco\Desktop\c\lab10\exercise01\lab10_BSTLibrary\tree.c(311,6): error C2037: left of 'right' specifies undefined struct/union 'node'
C:\Users\marco\Desktop\c\lab10\exercise01\lab10_BSTLibrary\tree.c(311,36): error C2037: left of 'right' specifies undefined struct/union 'node'
C:\Users\marco\Desktop\c\lab10\exercise01\lab10_BSTLibrary\tree.c(311,28): error C2198: 'findDeleteMax2': too few arguments for call
  tree_addiction.c
C:\Users\marco\Desktop\c\lab10\exercise01\lab10_BSTLibrary\tree_addiction.c(16,28): error C2037: left of 'left' specifies undefined struct/union 'node'
C:\Users\marco\Desktop\c\lab10\exercise01\lab10_BSTLibrary\tree_addiction.c(16,21): error C2198: 'count_r': too few arguments for call
C:\Users\marco\Desktop\c\lab10\exercise01\lab10_BSTLibrary\tree_addiction.c(17,28): error C2037: left of 'right' specifies undefined struct/union 'node'
C:\Users\marco\Desktop\c\lab10\exercise01\lab10_BSTLibrary\tree_addiction.c(17,21): error C2198: 'count_r': too few arguments for call
C:\Users\marco\Desktop\c\lab10\exercise01\lab10_BSTLibrary\tree_addiction.c(32,25): error C2037: left of 'left' specifies undefined struct/union 'node'
C:\Users\marco\Desktop\c\lab10\exercise01\lab10_BSTLibrary\tree_addiction.c(32,18): error C2198: 'height_r': too few arguments for call
C:\Users\marco\Desktop\c\lab10\exercise01\lab10_BSTLibrary\tree_addiction.c(33,25): error C2037: left of 'right' specifies undefined struct/union 'node'
C:\Users\marco\Desktop\c\lab10\exercise01\lab10_BSTLibrary\tree_addiction.c(33,18): error C2198: 'height_r': too few arguments for call
C:\Users\marco\Desktop\c\lab10\exercise01\lab10_BSTLibrary\tree_addiction.c(45,15): error C2037: left of 'left' specifies undefined struct/union 'node'
C:\Users\marco\Desktop\c\lab10\exercise01\lab10_BSTLibrary\tree_addiction.c(45,37): error C2037: left of 'right' specifies undefined struct/union 'node'
C:\Users\marco\Desktop\c\lab10\exercise01\lab10_BSTLibrary\tree_addiction.c(48,16): error C2037: left of 'left' specifies undefined struct/union 'node'
C:\Users\marco\Desktop\c\lab10\exercise01\lab10_BSTLibrary\tree_addiction.c(48,38): error C2037: left of 'right' specifies undefined struct/union 'node'
C:\Users\marco\Desktop\c\lab10\exercise01\lab10_BSTLibrary\tree_addiction.c(49,16): error C2037: left of 'left' specifies undefined struct/union 'node'
C:\Users\marco\Desktop\c\lab10\exercise01\lab10_BSTLibrary\tree_addiction.c(49,38): error C2037: left of 'right' specifies undefined struct/union 'node'
C:\Users\marco\Desktop\c\lab10\exercise01\lab10_BSTLibrary\tree_addiction.c(52,15): error C2037: left of 'left' specifies undefined struct/union 'node'
C:\Users\marco\Desktop\c\lab10\exercise01\lab10_BSTLibrary\tree_addiction.c(52,37): error C2037: left of 'right' specifies undefined struct/union 'node'
C:\Users\marco\Desktop\c\lab10\exercise01\lab10_BSTLibrary\tree_addiction.c(55,21): error C2037: left of 'left' specifies undefined struct/union 'node'
C:\Users\marco\Desktop\c\lab10\exercise01\lab10_BSTLibrary\tree_addiction.c(55,30): warning C4133: 'function': incompatible types - from 'int *' to 'node_t *'
C:\Users\marco\Desktop\c\lab10\exercise01\lab10_BSTLibrary\tree_addiction.c(55,14): error C2198: 'countNode': too few arguments for call
C:\Users\marco\Desktop\c\lab10\exercise01\lab10_BSTLibrary\tree_addiction.c(56,21): error C2037: left of 'right' specifies undefined struct/union 'node'
C:\Users\marco\Desktop\c\lab10\exercise01\lab10_BSTLibrary\tree_addiction.c(56,31): warning C4133: 'function': incompatible types - from 'int *' to 'node_t *'
C:\Users\marco\Desktop\c\lab10\exercise01\lab10_BSTLibrary\tree_addiction.c(56,14): error C2198: 'countNode': too few arguments for call
C:\Users\marco\Desktop\c\lab10\exercise01\lab10_BSTLibrary\tree_addiction.c(70,28): error C2037: left of 'left' specifies undefined struct/union 'node'
C:\Users\marco\Desktop\c\lab10\exercise01\lab10_BSTLibrary\tree_addiction.c(70,37): warning C4133: 'function': incompatible types - from 'int *' to 'node_t *'
C:\Users\marco\Desktop\c\lab10\exercise01\lab10_BSTLibrary\tree_addiction.c(70,21): error C2198: 'countNodeBis': too few arguments for call
C:\Users\marco\Desktop\c\lab10\exercise01\lab10_BSTLibrary\tree_addiction.c(71,28): error C2037: left of 'right' specifies undefined struct/union 'node'
C:\Users\marco\Desktop\c\lab10\exercise01\lab10_BSTLibrary\tree_addiction.c(71,38): warning C4133: 'function': incompatible types - from 'int *' to 'node_t *'
C:\Users\marco\Desktop\c\lab10\exercise01\lab10_BSTLibrary\tree_addiction.c(71,21): error C2198: 'countNodeBis': too few arguments for call
C:\Users\marco\Desktop\c\lab10\exercise01\lab10_BSTLibrary\tree_addiction.c(85,26): error C2037: left of 'left' specifies undefined struct/union 'node'
C:\Users\marco\Desktop\c\lab10\exercise01\lab10_BSTLibrary\tree_addiction.c(85,35): warning C4133: 'function': incompatible types - from 'int *' to 'node_t *'
C:\Users\marco\Desktop\c\lab10\exercise01\lab10_BSTLibrary\tree_addiction.c(85,42): warning C4047: 'function': 'int *' differs in levels of indirection from 'int'
C:\Users\marco\Desktop\c\lab10\exercise01\lab10_BSTLibrary\tree_addiction.c(85,39): warning C4024: 'countLevel': different types for formal and actual parameter 2
C:\Users\marco\Desktop\c\lab10\exercise01\lab10_BSTLibrary\tree_addiction.c(85,19): error C2198: 'countLevel': too few arguments for call
C:\Users\marco\Desktop\c\lab10\exercise01\lab10_BSTLibrary\tree_addiction.c(86,26): error C2037: left of 'right' specifies undefined struct/union 'node'
C:\Users\marco\Desktop\c\lab10\exercise01\lab10_BSTLibrary\tree_addiction.c(86,36): warning C4133: 'function': incompatible types - from 'int *' to 'node_t *'
C:\Users\marco\Desktop\c\lab10\exercise01\lab10_BSTLibrary\tree_addiction.c(86,43): warning C4047: 'function': 'int *' differs in levels of indirection from 'int'
C:\Users\marco\Desktop\c\lab10\exercise01\lab10_BSTLibrary\tree_addiction.c(86,40): warning C4024: 'countLevel': different types for formal and actual parameter 2
C:\Users\marco\Desktop\c\lab10\exercise01\lab10_BSTLibrary\tree_addiction.c(86,19): error C2198: 'countLevel': too few arguments for call
C:\Users\marco\Desktop\c\lab10\exercise01\lab10_BSTLibrary\tree_addiction.c(102,15): error C2037: left of 'left' specifies undefined struct/union 'node'
C:\Users\marco\Desktop\c\lab10\exercise01\lab10_BSTLibrary\tree_addiction.c(102,37): error C2037: left of 'right' specifies undefined struct/union 'node'
C:\Users\marco\Desktop\c\lab10\exercise01\lab10_BSTLibrary\tree_addiction.c(106,21): error C2037: left of 'left' specifies undefined struct/union 'node'
C:\Users\marco\Desktop\c\lab10\exercise01\lab10_BSTLibrary\tree_addiction.c(106,29): warning C4133: 'function': incompatible types - from 'int *' to 'node_t *'
C:\Users\marco\Desktop\c\lab10\exercise01\lab10_BSTLibrary\tree_addiction.c(106,14): error C2198: 'countPath': too few arguments for call
C:\Users\marco\Desktop\c\lab10\exercise01\lab10_BSTLibrary\tree_addiction.c(107,21): error C2037: left of 'right' specifies undefined struct/union 'node'
C:\Users\marco\Desktop\c\lab10\exercise01\lab10_BSTLibrary\tree_addiction.c(107,30): warning C4133: 'function': incompatible types - from 'int *' to 'node_t *'
C:\Users\marco\Desktop\c\lab10\exercise01\lab10_BSTLibrary\tree_addiction.c(107,14): error C2198: 'countPath': too few arguments for call
C:\Users\marco\Desktop\c\lab10\exercise01\lab10_BSTLibrary\tree_addiction.c(135,27): error C2037: left of 'val' specifies undefined struct/union 'node'
C:\Users\marco\Desktop\c\lab10\exercise01\lab10_BSTLibrary\tree_addiction.c(135,20): error C2198: 'compare': too few arguments for call
C:\Users\marco\Desktop\c\lab10\exercise01\lab10_BSTLibrary\tree_addiction.c(135,60): error C2037: left of 'val' specifies undefined struct/union 'node'
C:\Users\marco\Desktop\c\lab10\exercise01\lab10_BSTLibrary\tree_addiction.c(135,53): error C2198: 'compare': too few arguments for call
C:\Users\marco\Desktop\c\lab10\exercise01\lab10_BSTLibrary\tree_addiction.c(138,34): error C2037: left of 'left' specifies undefined struct/union 'node'
C:\Users\marco\Desktop\c\lab10\exercise01\lab10_BSTLibrary\tree_addiction.c(138,44): warning C4047: 'function': 'node_t *' differs in levels of indirection from 'int'
C:\Users\marco\Desktop\c\lab10\exercise01\lab10_BSTLibrary\tree_addiction.c(138,40): warning C4024: 'visitVer1': different types for formal and actual parameter 1
C:\Users\marco\Desktop\c\lab10\exercise01\lab10_BSTLibrary\tree_addiction.c(138,27): error C2198: 'visitVer1': too few arguments for call
C:\Users\marco\Desktop\c\lab10\exercise01\lab10_BSTLibrary\tree_addiction.c(139,35): error C2037: left of 'right' specifies undefined struct/union 'node'
C:\Users\marco\Desktop\c\lab10\exercise01\lab10_BSTLibrary\tree_addiction.c(139,46): warning C4047: 'function': 'node_t *' differs in levels of indirection from 'int'
C:\Users\marco\Desktop\c\lab10\exercise01\lab10_BSTLibrary\tree_addiction.c(139,42): warning C4024: 'visitVer1': different types for formal and actual parameter 1
C:\Users\marco\Desktop\c\lab10\exercise01\lab10_BSTLibrary\tree_addiction.c(139,28): error C2198: 'visitVer1': too few arguments for call
C:\Users\marco\Desktop\c\lab10\exercise01\lab10_BSTLibrary\tree_addiction.c(181,29): error C2037: left of 'val' specifies undefined struct/union 'node'
C:\Users\marco\Desktop\c\lab10\exercise01\lab10_BSTLibrary\tree_addiction.c(181,16): error C2198: 'compare': too few arguments for call
C:\Users\marco\Desktop\c\lab10\exercise01\lab10_BSTLibrary\tree_addiction.c(181,61): error C2037: left of 'val' specifies undefined struct/union 'node'
C:\Users\marco\Desktop\c\lab10\exercise01\lab10_BSTLibrary\tree_addiction.c(181,48): error C2198: 'compare': too few arguments for call
C:\Users\marco\Desktop\c\lab10\exercise01\lab10_BSTLibrary\tree_addiction.c(182,29): error C2037: left of 'left' specifies undefined struct/union 'node'
C:\Users\marco\Desktop\c\lab10\exercise01\lab10_BSTLibrary\tree_addiction.c(182,39): warning C4047: 'function': 'node_t *' differs in levels of indirection from 'int'
C:\Users\marco\Desktop\c\lab10\exercise01\lab10_BSTLibrary\tree_addiction.c(182,35): warning C4024: 'visitVer2': different types for formal and actual parameter 1
C:\Users\marco\Desktop\c\lab10\exercise01\lab10_BSTLibrary\tree_addiction.c(182,22): error C2198: 'visitVer2': too few arguments for call
C:\Users\marco\Desktop\c\lab10\exercise01\lab10_BSTLibrary\tree_addiction.c(185,33): error C2037: left of 'val' specifies undefined struct/union 'node'
C:\Users\marco\Desktop\c\lab10\exercise01\lab10_BSTLibrary\tree_addiction.c(185,20): error C2198: 'compare': too few arguments for call
C:\Users\marco\Desktop\c\lab10\exercise01\lab10_BSTLibrary\tree_addiction.c(185,65): error C2037: left of 'val' specifies undefined struct/union 'node'
C:\Users\marco\Desktop\c\lab10\exercise01\lab10_BSTLibrary\tree_addiction.c(185,52): error C2198: 'compare': too few arguments for call
C:\Users\marco\Desktop\c\lab10\exercise01\lab10_BSTLibrary\tree_addiction.c(186,33): error C2037: left of 'right' specifies undefined struct/union 'node'
C:\Users\marco\Desktop\c\lab10\exercise01\lab10_BSTLibrary\tree_addiction.c(186,44): warning C4047: 'function': 'node_t *' differs in levels of indirection from 'int'
C:\Users\marco\Desktop\c\lab10\exercise01\lab10_BSTLibrary\tree_addiction.c(186,40): warning C4024: 'visitVer2': different types for formal and actual parameter 1
C:\Users\marco\Desktop\c\lab10\exercise01\lab10_BSTLibrary\tree_addiction.c(186,26): error C2198: 'visitVer2': too few arguments for call
C:\Users\marco\Desktop\c\lab10\exercise01\lab10_BSTLibrary\tree_addiction.c(209,28): error C2037: left of 'val' specifies undefined struct/union 'node'
C:\Users\marco\Desktop\c\lab10\exercise01\lab10_BSTLibrary\tree_addiction.c(209,16): error C2198: 'compare': too few arguments for call
C:\Users\marco\Desktop\c\lab10\exercise01\lab10_BSTLibrary\tree_addiction.c(210,25): error C2037: left of 'left' specifies undefined struct/union 'node'
C:\Users\marco\Desktop\c\lab10\exercise01\lab10_BSTLibrary\tree_addiction.c(210,34): warning C4047: 'function': 'node_t *' differs in levels of indirection from 'int'
C:\Users\marco\Desktop\c\lab10\exercise01\lab10_BSTLibrary\tree_addiction.c(210,31): warning C4024: 'visit': different types for formal and actual parameter 1
C:\Users\marco\Desktop\c\lab10\exercise01\lab10_BSTLibrary\tree_addiction.c(210,18): error C2198: 'visit': too few arguments for call
C:\Users\marco\Desktop\c\lab10\exercise01\lab10_BSTLibrary\tree_addiction.c(216,28): error C2037: left of 'val' specifies undefined struct/union 'node'
C:\Users\marco\Desktop\c\lab10\exercise01\lab10_BSTLibrary\tree_addiction.c(216,16): error C2198: 'compare': too few arguments for call
C:\Users\marco\Desktop\c\lab10\exercise01\lab10_BSTLibrary\tree_addiction.c(217,25): error C2037: left of 'right' specifies undefined struct/union 'node'
C:\Users\marco\Desktop\c\lab10\exercise01\lab10_BSTLibrary\tree_addiction.c(217,35): warning C4047: 'function': 'node_t *' differs in levels of indirection from 'int'
C:\Users\marco\Desktop\c\lab10\exercise01\lab10_BSTLibrary\tree_addiction.c(217,32): warning C4024: 'visit': different types for formal and actual parameter 1
C:\Users\marco\Desktop\c\lab10\exercise01\lab10_BSTLibrary\tree_addiction.c(217,18): error C2198: 'visit': too few arguments for call
  Generating Code...
